<?xml version="1.0" encoding="UTF-8"?>
<!-- Generated by org.testng.reporters.JUnitReportReporter -->
<testsuite hostname="DESKTOP-68REKBJ" failures="0" tests="1" name="testcase.maven.amazon_automation_testing" time="198.267" errors="0" timestamp="2022-06-24T17:57:52 IST" skipped="0">
  <testcase classname="testcase.maven.amazon_automation_testing" name="site" time="198.267"/>
  <system-out/>
</testsuite> <!-- testcase.maven.amazon_automation_testing -->
